2025/06/24 00:43:41 url=http://localhost:9000 total=542.8335ms dns=1.5952ms conn=12.1926ms ttfb=532.1274ms err=<nil>
2025/06/24 00:43:41 url=http://localhost:9000 total=18.6051ms dns=0s conn=2562047h47m16.854775807s ttfb=12.6237ms err=<nil>
2025/06/24 00:43:41 url=http://localhost:9000 total=677.0656ms dns=0s conn=2562047h47m16.854775807s ttfb=678.4697ms err=<nil>
2025/06/24 00:43:42 url=http://localhost:9000 total=17.8876ms dns=9.1147ms conn=-7.6373ms ttfb=17.4385ms err=<nil>
2025/06/24 00:43:43 url=http://localhost:9000 total=8.2852ms dns=2.1212ms conn=-590.1µs ttfb=7.2424ms err=<nil>
2025/06/24 00:43:43 url=http://localhost:9000 total=744.8539ms dns=1.1455ms conn=1.3962ms ttfb=743.7503ms err=<nil>
2025/06/24 00:43:44 url=http://localhost:9000 total=7.1619ms dns=0s conn=2562047h47m16.854775807s ttfb=9.8269ms err=<nil>
2025/06/24 00:43:44 url=http://localhost:9000 total=630.0122ms dns=774.5µs conn=1.8918ms ttfb=629.9752ms err=<nil>
2025/06/24 00:43:45 url=http://localhost:9000 total=8.8809ms dns=0s conn=2562047h47m16.854775807s ttfb=7.0227ms err=Get "http://localhost:9000": net/http: HTTP/1.x transport connection broken: malformed HTTP status code "not"
2025/06/24 00:43:45 url=http://localhost:9000 total=683.2108ms dns=868.5µs conn=-868.5µs ttfb=679.763ms err=<nil>
2025/06/24 00:43:45 url=http://localhost:9000 total=12.8269ms dns=825.4µs conn=552.8µs ttfb=10.3171ms err=<nil>
2025/06/24 00:43:46 url=http://localhost:9000 total=758.0474ms dns=27.4271ms conn=-5.1489ms ttfb=739.0641ms err=<nil>
2025/06/24 00:43:46 url=http://localhost:9000 total=30.4887ms dns=0s conn=2562047h47m16.854775807s ttfb=20.6193ms err=<nil>
2025/06/24 00:43:47 url=http://localhost:9000 total=789.1273ms dns=1.4403ms conn=531.7µs ttfb=788.8336ms err=<nil>
2025/06/24 00:43:48 url=http://localhost:9000 total=728.2516ms dns=0s conn=2562047h47m16.854775807s ttfb=730.4548ms err=<nil>
2025/06/24 00:43:48 url=http://localhost:9000 total=622.6817ms dns=5.5676ms conn=-2.7264ms ttfb=620.6045ms err=<nil>
2025/06/24 00:43:49 url=http://localhost:9000 total=2.3962ms dns=0s conn=2562047h47m16.854775807s ttfb=2.3962ms err=<nil>
2025/06/24 00:43:49 url=http://localhost:9000 total=692.5743ms dns=2.7323ms conn=4.4482ms ttfb=686.4982ms err=<nil>
2025/06/24 00:43:51 url=http://localhost:9000 total=909.2709ms dns=13.2968ms conn=995.2µs ttfb=887.8437ms err=<nil>
2025/06/24 00:43:51 url=http://localhost:9000 total=8.176ms dns=0s conn=2562047h47m16.854775807s ttfb=12.8691ms err=<nil>
2025/06/24 00:43:53 url=http://localhost:9000 total=587.1115ms dns=1.0068ms conn=990µs ttfb=586.7423ms err=<nil>
2025/06/24 00:43:53 url=http://localhost:9000 total=602.2849ms dns=0s conn=2.019ms ttfb=602.3972ms err=<nil>
2025/06/24 00:43:54 url=http://localhost:9000 total=722.3335ms dns=558.4µs conn=1.8229ms ttfb=722.2614ms err=<nil>
2025/06/24 00:43:54 url=http://localhost:9000 total=663.7045ms dns=601.2µs conn=2.5339ms ttfb=661.2468ms err=<nil>
2025/06/24 00:43:55 url=http://localhost:9000 total=797.3712ms dns=6.6859ms conn=-5.1195ms ttfb=795.7936ms err=<nil>
2025/06/24 00:43:55 url=http://localhost:9000 total=860.669ms dns=3.8949ms conn=11.4703ms ttfb=836.4375ms err=<nil>
2025/06/24 00:43:56 url=http://localhost:9000 total=776.7985ms dns=1.7374ms conn=1.1973ms ttfb=777.2494ms err=<nil>
2025/06/24 00:43:56 url=http://localhost:9000 total=725.4274ms dns=1.0048ms conn=2.9951ms ttfb=722.5302ms err=<nil>
2025/06/24 00:43:57 url=http://localhost:9000 total=866.0528ms dns=568.5µs conn=1.1807ms ttfb=867.0605ms err=<nil>
2025/06/24 00:43:57 url=http://localhost:9000 total=104.9949ms dns=0s conn=2562047h47m16.854775807s ttfb=47.3583ms err=<nil>
2025/06/24 00:43:58 url=http://localhost:9000 total=714.7312ms dns=2.2089ms conn=0s ttfb=716.5572ms err=<nil>
2025/06/24 00:43:58 url=http://localhost:9000 total=718.5715ms dns=8.7863ms conn=-4.3481ms ttfb=708.7094ms err=<nil>
2025/06/24 00:43:59 url=http://localhost:9000 total=946.0742ms dns=997.8µs conn=1.0918ms ttfb=967.9191ms err=<nil>
2025/06/24 00:44:00 url=http://localhost:9000 total=959.6739ms dns=14.3219ms conn=5.6117ms ttfb=934.0313ms err=<nil>
2025/06/24 00:44:01 url=http://localhost:9000 total=1.1151494s dns=996.6µs conn=-996.6µs ttfb=1.1134355s err=<nil>
2025/06/24 00:44:02 url=http://localhost:9000 total=1.1128324s dns=1.1197ms conn=-567.8µs ttfb=1.1128306s err=<nil>
2025/06/24 00:44:02 url=http://localhost:9000 total=868.6365ms dns=1.1244ms conn=641.5µs ttfb=867.8524ms err=<nil>
2025/06/24 00:44:03 url=http://localhost:9000 total=780.5398ms dns=2.496ms conn=6.0706ms ttfb=755.5515ms err=<nil>
2025/06/24 00:44:03 url=http://localhost:9000 total=649.276ms dns=8.3335ms conn=11.6317ms ttfb=630.3126ms err=<nil>
2025/06/24 00:44:03 url=http://localhost:9000 total=588.2219ms dns=1.7168ms conn=889.1µs ttfb=587.2706ms err=<nil>
2025/06/24 00:44:04 url=http://localhost:9000 total=580.4379ms dns=571.8µs conn=877.6µs ttfb=580.4114ms err=<nil>
2025/06/24 00:44:04 url=http://localhost:9000 total=633.1618ms dns=1.1477ms conn=581.4µs ttfb=632.7203ms err=<nil>
2025/06/24 00:44:05 url=http://localhost:9000 total=685.0522ms dns=1.7594ms conn=748.9µs ttfb=691.5061ms err=<nil>
2025/06/24 00:44:05 url=http://localhost:9000 total=133.3329ms dns=7.4571ms conn=518.7µs ttfb=126.5025ms err=<nil>
2025/06/24 00:44:07 url=http://localhost:9000 total=1.0639457s dns=2.6461ms conn=787.8µs ttfb=1.0624515s err=<nil>
2025/06/24 00:44:08 url=http://localhost:9000 total=608.5301ms dns=445.7µs conn=3.4728ms ttfb=604.579ms err=<nil>
2025/06/24 00:44:09 url=http://localhost:9000 total=558.6068ms dns=0s conn=2562047h47m16.854775807s ttfb=566.6651ms err=<nil>
2025/06/24 00:44:10 url=http://localhost:9000 total=647.257ms dns=0s conn=8.6658ms ttfb=631.9095ms err=<nil>
2025/06/24 00:44:10 url=http://localhost:9000 total=670.2804ms dns=1.0054ms conn=996.2µs ttfb=671.3958ms err=<nil>
2025/06/24 00:44:11 url=http://localhost:9000 total=554.9097ms dns=665.1µs conn=0s ttfb=553.3183ms err=<nil>
2025/06/24 00:44:12 url=http://localhost:9000 total=751.9063ms dns=944.2µs conn=1.8655ms ttfb=745.3543ms err=<nil>
2025/06/24 00:44:13 url=http://localhost:9000 total=715.2279ms dns=5.1127ms conn=1.6644ms ttfb=706.7343ms err=<nil>
2025/06/24 00:44:14 url=http://localhost:9000 total=586.4608ms dns=0s conn=1.3339ms ttfb=586.6534ms err=<nil>
2025/06/24 00:44:14 url=http://localhost:9000 total=629.2832ms dns=1.6736ms conn=1.0935ms ttfb=619.5687ms err=<nil>
2025/06/24 00:44:14 url=http://localhost:9000 total=26.6033ms dns=7.6792ms conn=-709.9µs ttfb=20.5479ms err=<nil>
2025/06/24 00:44:15 url=http://localhost:9000 total=52.0891ms dns=3.3517ms conn=-953.9µs ttfb=23.9566ms err=<nil>
2025/06/24 00:44:16 url=http://localhost:9000 total=598.5861ms dns=0s conn=1.0082ms ttfb=597.8132ms err=<nil>
2025/06/24 00:44:17 url=http://localhost:9000 total=614.3153ms dns=1.0026ms conn=1.9995ms ttfb=612.3326ms err=<nil>
2025/06/24 00:44:17 url=http://localhost:9000 total=515.2069ms dns=726.7µs conn=1.6645ms ttfb=513.5947ms err=<nil>
2025/06/24 00:44:18 url=http://localhost:9000 total=633.076ms dns=983.5µs conn=0s ttfb=634.1811ms err=<nil>
2025/06/24 00:44:19 url=http://localhost:9000 total=510.7737ms dns=1.524ms conn=1.1161ms ttfb=507.359ms err=<nil>
2025/06/24 00:44:19 url=http://localhost:9000 total=474.5615ms dns=1.1747ms conn=968.6µs ttfb=474.8059ms err=<nil>
2025/06/24 00:44:20 url=http://localhost:9000 total=536.7279ms dns=1.9969ms conn=2.0714ms ttfb=533.661ms err=<nil>
2025/06/24 00:44:20 url=http://localhost:9000 total=14.3398ms dns=2.5517ms conn=2.5311ms ttfb=8.8446ms err=<nil>
2025/06/24 00:44:21 url=http://localhost:9000 total=557.7961ms dns=907.7µs conn=1.0812ms ttfb=555.2152ms err=<nil>
2025/06/24 00:44:21 url=http://localhost:9000 total=13.1791ms dns=5.456ms conn=-4.4484ms ttfb=14.1941ms err=<nil>
2025/06/24 00:44:24 url=http://localhost:9002 total=660.4436ms dns=1.1624ms conn=2.2779ms ttfb=653.7582ms err=<nil>
2025/06/24 00:44:25 url=http://localhost:9003 total=701.2104ms dns=2.8732ms conn=2.0363ms ttfb=696.6075ms err=<nil>
2025/06/24 00:44:27 url=http://localhost:9002 total=71.8209ms dns=60.0892ms conn=-26.4407ms ttfb=39.4197ms err=<nil>
2025/06/24 00:44:28 url=http://localhost:9000 total=1.8380859s dns=53.9208ms conn=19.1318ms ttfb=1.7285803s err=<nil>
2025/06/24 00:44:29 url=http://localhost:9002 total=244.5585ms dns=26.339ms conn=28.2921ms ttfb=116.1035ms err=<nil>
2025/06/24 00:44:32 url=http://localhost:9000 total=1.9561715s dns=104.1196ms conn=-70.4445ms ttfb=1.9228889s err=<nil>
2025/06/24 00:44:32 url=http://localhost:9002 total=553.1922ms dns=20.7408ms conn=60.6544ms ttfb=472.4062ms err=<nil>
2025/06/24 00:44:33 url=http://localhost:9003 total=124.2726ms dns=11.3898ms conn=90.0579ms ttfb=25.8892ms err=<nil>
2025/06/24 00:44:34 url=http://localhost:9000 total=28.9617ms dns=6.0961ms conn=-1.2627ms ttfb=5.4823ms err=<nil>
2025/06/24 00:44:35 url=http://localhost:9002 total=216.7368ms dns=11.4078ms conn=11.2984ms ttfb=161.3931ms err=<nil>
2025/06/24 00:44:38 url=http://localhost:9003 total=978.5747ms dns=6.5202ms conn=-5.1966ms ttfb=969.5581ms err=<nil>
2025/06/24 00:44:38 url=http://localhost:9002 total=30.0444ms dns=7.2085ms conn=2.4557ms ttfb=22.2233ms err=<nil>
2025/06/24 00:44:40 url=http://localhost:9000 total=254.28ms dns=40.6479ms conn=96.2264ms ttfb=119.3623ms err=<nil>
2025/06/24 00:44:43 url=http://localhost:9000 total=30.046ms dns=18.9559ms conn=-6.8244ms ttfb=20.0902ms err=<nil>
2025/06/24 00:44:44 url=http://localhost:9000 total=811.2952ms dns=22.4357ms conn=11.8698ms ttfb=741.4645ms err=<nil>
2025/06/24 00:44:46 url=http://localhost:9000 total=1.1916078s dns=50.8209ms conn=-37.5105ms ttfb=1.1825886s err=<nil>
2025/06/24 00:44:47 url=http://localhost:9000 total=42.3953ms dns=38.8468ms conn=-37.7453ms ttfb=41.8902ms err=Get "http://localhost:9000": net/http: HTTP/1.x transport connection broken: malformed HTTP status code "not"
2025/06/24 00:44:49 url=http://localhost:9000 total=61.4467ms dns=-2562047h47m16.854775808s conn=2562047h47m16.854775807s ttfb=15.4244ms err=<nil>
2025/06/24 00:44:51 url=http://localhost:9000 total=138.6532ms dns=0s conn=2562047h47m16.854775807s ttfb=104.1797ms err=Get "http://localhost:9000": net/http: HTTP/1.x transport connection broken: malformed HTTP status code "not"
2025/06/24 00:44:54 url=http://localhost:9004 total=1.0879827s dns=46.8873ms conn=15.5653ms ttfb=1.0259054s err=<nil>
2025/06/24 00:44:55 url=http://localhost:9000 total=924.7575ms dns=102.5993ms conn=5.2224ms ttfb=818.6789ms err=<nil>
2025/06/24 00:44:56 url=http://localhost:9000 total=70.8705ms dns=44.0571ms conn=-2562047h47m16.854775808s ttfb=2562047h47m16.854775807s err=Get "http://localhost:9000": dial tcp [::1]:9000: connectex: Only one usage of each socket address (protocol/network address/port) is normally permitted.
2025/06/24 00:44:57 url=http://localhost:9000 total=29.4784ms dns=0s conn=2562047h47m16.854775807s ttfb=32.9739ms err=<nil>
2025/06/24 00:46:56 url=http://localhost:9000 total=548.1198ms dns=0s conn=2562047h47m16.854775807s ttfb=549.0174ms err=<nil>
2025/06/24 00:46:57 url=http://localhost:9000 total=706.799ms dns=6.9865ms conn=638.5µs ttfb=694.0913ms err=<nil>
2025/06/24 00:46:57 url=http://localhost:9000 total=761.4489ms dns=992.8µs conn=998.9µs ttfb=758.8578ms err=<nil>
2025/06/24 00:46:59 url=http://localhost:9000 total=805.8436ms dns=531µs conn=1.0447ms ttfb=805.8941ms err=<nil>
2025/06/24 00:47:00 url=http://localhost:9000 total=763.668ms dns=5.8456ms conn=1.9715ms ttfb=732.5028ms err=<nil>
2025/06/24 00:47:01 url=http://localhost:9000 total=1.1851118s dns=1.1616ms conn=1.894ms ttfb=1.1981208s err=<nil>
2025/06/24 00:47:03 url=http://localhost:9000 total=17.6383ms dns=1.3191ms conn=-719.3µs ttfb=18.8647ms err=<nil>
2025/06/24 00:47:03 url=http://localhost:9000 total=872.2534ms dns=2.7834ms conn=1.5243ms ttfb=868.7818ms err=<nil>
2025/06/24 00:47:05 url=http://localhost:9000 total=1.2139281s dns=8.7166ms conn=1.0108ms ttfb=1.2059105s err=<nil>
2025/06/24 00:47:06 url=http://localhost:9000 total=1.2398367s dns=0s conn=2562047h47m16.854775807s ttfb=1.2078206s err=<nil>
2025/06/24 00:47:07 url=http://localhost:9000 total=994.7488ms dns=4.2269ms conn=3.512ms ttfb=987.6229ms err=<nil>
2025/06/24 00:47:08 url=http://localhost:9000 total=769.3193ms dns=1.7491ms conn=2.0113ms ttfb=767.6095ms err=<nil>
2025/06/24 00:47:09 url=http://localhost:9000 total=654.0694ms dns=2.0018ms conn=4.105ms ttfb=654.5034ms err=<nil>
2025/06/24 00:47:10 url=http://localhost:9000 total=658.0518ms dns=0s conn=2562047h47m16.854775807s ttfb=658.3939ms err=<nil>
2025/06/24 00:47:10 url=http://localhost:9000 total=609.487ms dns=1.1738ms conn=1.7377ms ttfb=607.1078ms err=<nil>
2025/06/24 00:47:11 url=http://localhost:9000 total=761.2102ms dns=0s conn=1.0093ms ttfb=764.9198ms err=<nil>
2025/06/24 00:47:12 url=http://localhost:9000 total=198.9514ms dns=15.4108ms conn=-14.5026ms ttfb=26.0768ms err=<nil>
2025/06/24 00:47:13 url=http://localhost:9000 total=818.1782ms dns=1.469ms conn=648.3µs ttfb=817.407ms err=<nil>
2025/06/24 00:47:13 url=http://localhost:9000 total=23.9493ms dns=0s conn=2562047h47m16.854775807s ttfb=30.027ms err=<nil>
2025/06/24 00:47:17 url=http://localhost:9001 total=48.8511ms dns=0s conn=2562047h47m16.854775807s ttfb=27.8934ms err=Get "http://localhost:9001": net/http: HTTP/1.x transport connection broken: malformed HTTP status code "not"
2025/06/24 00:47:18 url=http://localhost:9002 total=767.4533ms dns=61.8467ms conn=-9.6118ms ttfb=600.6774ms err=<nil>
2025/06/24 00:47:19 url=http://localhost:9000 total=790.9497ms dns=995.9µs conn=999.3µs ttfb=792.655ms err=<nil>
2025/06/24 00:47:21 url=http://localhost:9001 total=924.291ms dns=4.2023ms conn=1.4801ms ttfb=918.6178ms err=<nil>
2025/06/24 00:47:21 url=http://localhost:9002 total=807.3287ms dns=0s conn=2562047h47m16.854775807s ttfb=808.6333ms err=<nil>
2025/06/24 00:47:24 url=http://localhost:9000 total=679.875ms dns=0s conn=2.2226ms ttfb=677.1292ms err=<nil>
2025/06/24 00:47:24 url=http://localhost:9001 total=713.6946ms dns=1.7777ms conn=926.6µs ttfb=711.5456ms err=<nil>
2025/06/24 00:47:26 url=http://localhost:9000 total=679.7284ms dns=2.569ms conn=1.1734ms ttfb=674.9581ms err=<nil>
2025/06/24 00:47:27 url=http://localhost:9000 total=851.5268ms dns=3.5629ms conn=986.6µs ttfb=831.6941ms err=<nil>
2025/06/24 00:47:28 url=http://localhost:9001 total=941.7621ms dns=3.7485ms conn=3.3998ms ttfb=936.6099ms err=<nil>
2025/06/24 00:47:30 url=http://localhost:9002 total=692.3937ms dns=15.1952ms conn=-13.1892ms ttfb=683.2438ms err=<nil>
2025/06/24 00:47:30 url=http://localhost:9000 total=36.6703ms dns=0s conn=2562047h47m16.854775807s ttfb=38.4041ms err=<nil>
2025/06/24 00:47:31 url=http://localhost:9001 total=159.858ms dns=1.1595ms conn=10.6112ms ttfb=150.104ms err=<nil>
2025/06/24 00:47:35 url=http://localhost:9000 total=565.0331ms dns=2.5666ms conn=1.3035ms ttfb=565.1759ms err=<nil>
2025/06/24 00:47:35 url=http://localhost:9000 total=636.648ms dns=1.1221ms conn=1.2838ms ttfb=635.237ms err=<nil>
2025/06/24 00:47:38 url=http://localhost:9000 total=734.1428ms dns=880.4µs conn=1.1309ms ttfb=733.7028ms err=<nil>
2025/06/24 00:47:38 url=http://localhost:9000 total=757.8646ms dns=1.5878ms conn=2.1542ms ttfb=754.6554ms err=<nil>
2025/06/24 00:47:41 url=http://localhost:9000 total=882.7968ms dns=0s conn=1.6128ms ttfb=881.9901ms err=<nil>
2025/06/24 00:47:42 url=http://localhost:9000 total=905.7013ms dns=1.2748ms conn=1.1509ms ttfb=906.4802ms err=<nil>
2025/06/24 00:47:45 url=http://localhost:9000 total=640.0319ms dns=2.2017ms conn=745.2µs ttfb=635.8459ms err=<nil>
2025/06/24 00:47:45 url=http://localhost:9000 total=774.897ms dns=2.9984ms conn=1.0006ms ttfb=760.374ms err=<nil>
2025/06/24 00:47:47 url=http://localhost:9000 total=901.1031ms dns=32.4892ms conn=0s ttfb=857.2937ms err=<nil>
2025/06/24 00:47:48 url=http://localhost:9000 total=13.7709ms dns=0s conn=2562047h47m16.854775807s ttfb=14.8028ms err=<nil>
2025/06/24 00:47:49 url=http://localhost:9000 total=154.6337ms dns=2.6338ms conn=5.6477ms ttfb=117.1428ms err=<nil>
2025/06/24 00:47:54 url=http://localhost:9000 total=887.6528ms dns=12.0695ms conn=-12.0695ms ttfb=887.3441ms err=<nil>
2025/06/24 00:47:55 url=http://localhost:9000 total=771.0433ms dns=17.2601ms conn=21.2351ms ttfb=733.5559ms err=<nil>
2025/06/24 00:47:58 url=http://localhost:9000 total=790.8938ms dns=21.2176ms conn=0s ttfb=670.7767ms err=<nil>
2025/06/24 00:47:59 url=http://localhost:9000 total=234.5597ms dns=151.4898ms conn=-113.645ms ttfb=157.1501ms err=<nil>
2025/06/24 00:48:01 url=http://localhost:9000 total=78.0493ms dns=57.1308ms conn=1.4997ms ttfb=21.6838ms err=<nil>
2025/06/24 00:48:03 url=http://localhost:9000 total=305.9719ms dns=19.5166ms conn=26.1265ms ttfb=241.4611ms err=<nil>
2025/06/24 00:48:05 url=http://localhost:9001 total=584.3612ms dns=10.2821ms conn=20.6609ms ttfb=410.0642ms err=<nil>
2025/06/24 00:48:06 url=http://localhost:9000 total=722.358ms dns=32.7747ms conn=14.9071ms ttfb=678.6715ms err=<nil>
2025/06/24 00:48:07 url=http://localhost:9001 total=33.675ms dns=-2562047h47m16.854775808s conn=2562047h47m16.854775807s ttfb=12.8802ms err=<nil>
2025/06/24 00:48:10 url=http://localhost:9000 total=966.7239ms dns=3.9124ms conn=7.6452ms ttfb=955.703ms err=<nil>
2025/06/24 00:48:11 url=http://localhost:9004 total=329.9236ms dns=0s conn=2562047h47m16.854775807s ttfb=151.4663ms err=Get "http://localhost:9004": net/http: HTTP/1.x transport connection broken: malformed HTTP status code "not"
2025/06/24 00:48:14 url=http://localhost:9000 total=1.0241656s dns=89.2217ms conn=18.1104ms ttfb=921.5771ms err=<nil>
2025/06/24 00:48:16 url=http://localhost:9000 total=83.4522ms dns=62.2593ms conn=-2.6203ms ttfb=24.789ms err=<nil>
2025/06/24 00:48:19 url=http://localhost:9004 total=1.0492801s dns=12.9804ms conn=19.4041ms ttfb=996.4574ms err=<nil>
2025/06/24 00:48:21 url=http://localhost:9000 total=1.1323785s dns=74.8375ms conn=143.0103ms ttfb=878.9926ms err=<nil>
2025/06/24 00:48:23 url=http://localhost:9000 total=658.6684ms dns=18.7812ms conn=-1.054ms ttfb=642.9413ms err=<nil>
2025/06/24 00:48:24 url=http://localhost:9000 total=871.7989ms dns=52.5101ms conn=-28.7186ms ttfb=808.9193ms err=<nil>
2025/06/24 00:48:26 url=http://localhost:9000 total=718.7174ms dns=2.9993ms conn=5.0069ms ttfb=711.715ms err=<nil>
2025/06/24 00:48:27 url=http://localhost:9000 total=65.7278ms dns=15.5836ms conn=6.7185ms ttfb=44.0027ms err=<nil>
2025/06/24 00:48:29 url=http://localhost:9000 total=50.8592ms dns=6.0469ms conn=-2.0097ms ttfb=15.2304ms err=<nil>
2025/06/24 00:48:31 url=http://localhost:9000 total=422.4373ms dns=47.0973ms conn=4.013ms ttfb=375.5553ms err=<nil>
2025/06/24 00:48:33 url=http://localhost:9000 total=172.0815ms dns=45.2066ms conn=-43.2414ms ttfb=54.7352ms err=<nil>
2025/06/24 00:48:36 url=http://localhost:9001 total=1.0275134s dns=113.103ms conn=14.1105ms ttfb=904.9923ms err=<nil>
2025/06/24 00:48:38 url=http://localhost:9000 total=847.0306ms dns=127.5194ms conn=20.2595ms ttfb=700.3203ms err=<nil>
2025/06/24 00:48:40 url=http://localhost:9002 total=1.4809721s dns=202.2657ms conn=-71.8466ms ttfb=1.3516942s err=<nil>
2025/06/24 00:48:42 url=http://localhost:9000 total=266.8663ms dns=0s conn=2562047h47m16.854775807s ttfb=170.3009ms err=<nil>
2025/06/24 00:48:45 url=http://localhost:9000 total=837.3632ms dns=977.7µs conn=3.0135ms ttfb=834.2889ms err=<nil>
2025/06/24 00:48:46 url=http://localhost:9001 total=352.4804ms dns=0s conn=2562047h47m16.854775807s ttfb=98.374ms err=Get "http://localhost:9001": net/http: HTTP/1.x transport connection broken: malformed HTTP status code "not"
2025/06/24 00:48:49 url=http://localhost:9002 total=139.1985ms dns=50.1283ms conn=15.4625ms ttfb=74.2977ms err=<nil>
2025/06/24 00:48:51 url=http://localhost:9000 total=128.8828ms dns=50.3077ms conn=-5.7059ms ttfb=46.5504ms err=<nil>
2025/06/24 00:48:53 url=http://localhost:9000 total=178.1717ms dns=0s conn=2562047h47m16.854775807s ttfb=73.1388ms err=<nil>
2025/06/24 00:48:55 url=http://localhost:9000 total=238.0321ms dns=0s conn=2562047h47m16.854775807s ttfb=240.2478ms err=<nil>
2025/06/24 00:48:59 url=http://localhost:9000 total=665.822ms dns=17.0701ms conn=6.3322ms ttfb=631.6169ms err=<nil>
2025/06/24 00:49:00 url=http://localhost:9000 total=677.1481ms dns=182.3159ms conn=30.0729ms ttfb=472.7633ms err=<nil>
2025/06/24 00:49:02 url=http://localhost:9001 total=110.2048ms dns=45.9121ms conn=57.493ms ttfb=12.0927ms err=<nil>
2025/06/24 00:49:03 url=http://localhost:9000 total=14.5439ms dns=8.8827ms conn=528.2µs ttfb=15.6357ms err=<nil>
2025/06/24 00:56:12 url=http://localhost:9000 total=3.1374ms dns=2.0408ms conn=-1.5155ms ttfb=3.3921ms err=<nil>
2025/06/24 00:56:12 url=http://localhost:9000 total=323.9128ms dns=963.2µs conn=-534.4µs ttfb=319.2104ms err=<nil>
2025/06/24 00:56:12 url=http://localhost:9000 total=5.8293ms dns=289.7µs conn=-289.7µs ttfb=7.3372ms err=<nil>
2025/06/24 00:56:12 url=http://localhost:9000 total=5.0003ms dns=999.4µs conn=-999.4µs ttfb=5.0082ms err=Get "http://localhost:9000": net/http: HTTP/1.x transport connection broken: malformed HTTP status code "not"
2025/06/24 00:56:13 url=http://localhost:9000 total=401.8503ms dns=1.2831ms conn=-723.5µs ttfb=388.0437ms err=<nil>
2025/06/24 00:56:13 url=http://localhost:9000 total=418.1796ms dns=1.004ms conn=0s ttfb=418.1596ms err=<nil>
2025/06/24 00:56:13 url=http://localhost:9000 total=404.5116ms dns=1.0134ms conn=0s ttfb=401.0673ms err=<nil>
2025/06/24 00:56:13 url=http://localhost:9000 total=10.0229ms dns=0s conn=2562047h47m16.854775807s ttfb=4.9985ms err=<nil>
2025/06/24 00:56:13 url=http://localhost:9000 total=315.6424ms dns=2.1951ms conn=0s ttfb=313.9712ms err=<nil>
2025/06/24 00:56:14 url=http://localhost:9000 total=69.0902ms dns=994.1µs conn=0s ttfb=69.0813ms err=<nil>
2025/06/24 00:56:35 url=http://localhost:9000 total=285.0798ms dns=0s conn=995µs ttfb=283.0776ms err=<nil>
2025/06/24 00:56:35 url=http://localhost:9000 total=320.818ms dns=550.5µs conn=543µs ttfb=320.2459ms err=<nil>
2025/06/24 00:56:36 url=http://localhost:9000 total=402.2939ms dns=979.5µs conn=998.7µs ttfb=400.2929ms err=<nil>
2025/06/24 00:56:37 url=http://localhost:9000 total=512.4362ms dns=624.3µs conn=561.2µs ttfb=500.4677ms err=<nil>
2025/06/24 00:56:37 url=http://localhost:9000 total=380.2501ms dns=0s conn=2562047h47m16.854775807s ttfb=381.2466ms err=<nil>
2025/06/24 00:56:37 url=http://localhost:9000 total=408.9064ms dns=1.0996ms conn=2.8785ms ttfb=404.9283ms err=<nil>
2025/06/24 00:56:38 url=http://localhost:9000 total=422.3616ms dns=987.1µs conn=995µs ttfb=421.3529ms err=<nil>
2025/06/24 00:56:38 url=http://localhost:9000 total=457.6847ms dns=0s conn=1.0025ms ttfb=458.6602ms err=<nil>
2025/06/24 00:56:39 url=http://localhost:9000 total=483.1479ms dns=995µs conn=0s ttfb=481.632ms err=<nil>
2025/06/24 00:56:39 url=http://localhost:9000 total=438.7633ms dns=529.3µs conn=988.6µs ttfb=438.2469ms err=<nil>
2025/06/24 00:56:40 url=http://localhost:9000 total=37.4388ms dns=0s conn=2562047h47m16.854775807s ttfb=40.437ms err=<nil>
2025/06/24 00:56:41 url=http://localhost:9001 total=430.1406ms dns=1.0016ms conn=20.5692ms ttfb=409.0895ms err=<nil>
2025/06/24 00:56:42 url=http://localhost:9000 total=6.8532ms dns=610.2µs conn=0s ttfb=6.7032ms err=<nil>
2025/06/24 00:56:42 url=http://localhost:9002 total=281.0192ms dns=2.0379ms conn=953.2µs ttfb=278.0113ms err=<nil>
2025/06/24 00:56:43 url=http://localhost:9001 total=418.5524ms dns=550.6µs conn=618.8µs ttfb=419.9183ms err=<nil>
2025/06/24 00:56:43 url=http://localhost:9002 total=427.1386ms dns=1.5219ms conn=2.9994ms ttfb=424.0864ms err=<nil>
2025/06/24 00:56:44 url=http://localhost:9000 total=390.4491ms dns=969.3µs conn=0s ttfb=389.4798ms err=<nil>
2025/06/24 00:56:44 url=http://localhost:9001 total=3.3063ms dns=615.3µs conn=-615.3µs ttfb=4.2952ms err=<nil>
2025/06/24 00:56:45 url=http://localhost:9002 total=3.0161ms dns=0s conn=0s ttfb=3.0194ms err=<nil>
2025/06/24 00:56:46 url=http://localhost:9000 total=600.4953ms dns=181.8µs conn=6.4945ms ttfb=595.8196ms err=<nil>
2025/06/24 00:56:47 url=http://localhost:9001 total=408.013ms dns=0s conn=955µs ttfb=408.4522ms err=<nil>
2025/06/24 00:56:48 url=http://localhost:9002 total=364.466ms dns=521.1µs conn=0s ttfb=364.491ms err=<nil>
2025/06/24 00:56:48 url=http://localhost:9000 total=425.5978ms dns=1.1297ms conn=1.368ms ttfb=420.7983ms err=<nil>
2025/06/24 00:56:49 url=http://localhost:9001 total=13.4365ms dns=0s conn=2562047h47m16.854775807s ttfb=3.8417ms err=Get "http://localhost:9001": net/http: HTTP/1.x transport connection broken: malformed HTTP status code "not"
2025/06/24 00:56:49 url=http://localhost:9002 total=8.9996ms dns=2.0193ms conn=2.9758ms ttfb=3.9975ms err=<nil>
2025/06/24 00:56:50 url=http://localhost:9000 total=383.7669ms dns=611.1µs conn=1.1555ms ttfb=382.9987ms err=<nil>
2025/06/24 00:56:51 url=http://localhost:9001 total=388.4024ms dns=0s conn=1ms ttfb=392.9543ms err=<nil>
2025/06/24 00:56:51 url=http://localhost:9002 total=355.9119ms dns=1.7603ms conn=2.9198ms ttfb=352.176ms err=<nil>
2025/06/24 00:56:52 url=http://localhost:9000 total=343.4164ms dns=1.0007ms conn=0s ttfb=342.9595ms err=<nil>
2025/06/24 00:56:52 url=http://localhost:9001 total=320.803ms dns=994.2µs conn=0s ttfb=320.3844ms err=<nil>
2025/06/24 00:56:53 url=http://localhost:9002 total=327.8755ms dns=970µs conn=1.0005ms ttfb=327.8941ms err=<nil>
2025/06/24 00:56:53 url=http://localhost:9000 total=322.865ms dns=1.9967ms conn=0s ttfb=319.8725ms err=<nil>
2025/06/24 00:56:54 url=http://localhost:9001 total=407.06ms dns=1.0657ms conn=555.2µs ttfb=406.6006ms err=<nil>
2025/06/24 00:56:55 url=http://localhost:9002 total=336.8139ms dns=686.3µs conn=539.6µs ttfb=335.9ms err=<nil>
2025/06/24 00:56:55 url=http://localhost:9000 total=310.3898ms dns=0s conn=3.0773ms ttfb=307.3125ms err=<nil>
2025/06/24 00:56:56 url=http://localhost:9001 total=406.1726ms dns=536.6µs conn=1.0587ms ttfb=405.1313ms err=<nil>
2025/06/24 00:56:56 url=http://localhost:9002 total=59.2172ms dns=0s conn=2562047h47m16.854775807s ttfb=60.4675ms err=<nil>
2025/06/24 00:56:59 url=http://localhost:9000 total=618.0149ms dns=18.856ms conn=5.3117ms ttfb=577.5647ms err=<nil>
2025/06/24 00:56:59 url=http://localhost:9000 total=30.3065ms dns=16.8803ms conn=-2.3021ms ttfb=13.7391ms err=<nil>
2025/06/24 00:57:00 url=http://localhost:9000 total=35.321ms dns=33.3238ms conn=-30.3168ms ttfb=32.314ms err=<nil>
2025/06/24 00:57:01 url=http://localhost:9000 total=821.0768ms dns=27.4191ms conn=-24.4131ms ttfb=838.9861ms err=<nil>
2025/06/24 00:57:02 url=http://localhost:9000 total=298.2743ms dns=51.1468ms conn=-11.9794ms ttfb=35.2516ms err=Get "http://localhost:9000": net/http: HTTP/1.x transport connection broken: malformed HTTP status code "not"
2025/06/24 00:57:04 url=http://localhost:9000 total=601.3744ms dns=990.3µs conn=2.6683ms ttfb=599.9926ms err=<nil>
2025/06/24 00:57:05 url=http://localhost:9000 total=538.8267ms dns=90.2356ms conn=-75.5999ms ttfb=507.9261ms err=<nil>
2025/06/24 00:57:05 url=http://localhost:9000 total=413.7351ms dns=108.0999ms conn=6.0476ms ttfb=302.5761ms err=<nil>
2025/06/24 00:57:07 url=http://localhost:9000 total=598.5408ms dns=0s conn=1.52ms ttfb=598.0233ms err=<nil>
2025/06/24 00:57:07 url=http://localhost:9000 total=316.8026ms dns=1.0007ms conn=3.0014ms ttfb=310.8213ms err=<nil>
2025/06/24 00:57:08 url=http://localhost:9000 total=332.7862ms dns=2.0715ms conn=1.858ms ttfb=329.8527ms err=<nil>
2025/06/24 00:57:09 url=http://localhost:9000 total=177.9688ms dns=1.9979ms conn=3.002ms ttfb=168.9755ms err=<nil>
2025/06/24 00:57:09 url=http://localhost:9000 total=59.5253ms dns=8.6735ms conn=8.6489ms ttfb=36.8679ms err=<nil>
2025/06/24 01:10:30 url=http://localhost:9000 total=354.8059ms dns=1.0014ms conn=0s ttfb=354.8003ms err=<nil>
2025/06/24 01:10:30 url=http://localhost:9000 total=372.2859ms dns=0s conn=1.9987ms ttfb=371.0416ms err=<nil>
2025/06/24 01:10:31 url=http://localhost:9000 total=478.3095ms dns=998.6µs conn=0s ttfb=477.8607ms err=<nil>
2025/06/24 01:10:31 url=http://localhost:9000 total=483.7189ms dns=695.7µs conn=102.4µs ttfb=482.8471ms err=<nil>
2025/06/24 01:10:32 url=http://localhost:9000 total=490.3427ms dns=3.1269ms conn=3.1056ms ttfb=480.0357ms err=<nil>
2025/06/24 01:10:32 url=http://localhost:9000 total=512.051ms dns=8.004ms conn=1.0014ms ttfb=508.4178ms err=<nil>
2025/06/24 01:10:33 url=http://localhost:9000 total=333.9264ms dns=1.0682ms conn=205µs ttfb=332.5995ms err=<nil>
2025/06/24 01:10:33 url=http://localhost:9000 total=398.1632ms dns=1.0053ms conn=1.9957ms ttfb=395.1577ms err=<nil>
2025/06/24 01:10:33 url=http://localhost:9000 total=21.429ms dns=0s conn=2562047h47m16.854775807s ttfb=22.4341ms err=<nil>
2025/06/24 01:10:34 url=http://localhost:9000 total=504.6681ms dns=0s conn=1.0023ms ttfb=503.6658ms err=<nil>
2025/06/24 01:10:35 url=http://localhost:9000 total=550.1175ms dns=1.0011ms conn=2.0039ms ttfb=509.9985ms err=<nil>
2025/06/24 01:10:36 url=http://localhost:9000 total=503.2964ms dns=0s conn=993.4µs ttfb=504.322ms err=<nil>
2025/06/24 01:10:36 url=http://localhost:9000 total=392.7672ms dns=3.2042ms conn=2.0047ms ttfb=387.5083ms err=<nil>
2025/06/24 01:10:36 url=http://localhost:9000 total=388.0459ms dns=997.3µs conn=1.0032ms ttfb=386.6606ms err=<nil>
2025/06/24 01:10:37 url=http://localhost:9000 total=461.2288ms dns=1.997ms conn=2.9983ms ttfb=457.1849ms err=<nil>
2025/06/24 01:10:37 url=http://localhost:9000 total=336.8292ms dns=1.0695ms conn=556µs ttfb=331.4281ms err=<nil>
2025/06/24 01:10:38 url=http://localhost:9000 total=397.8873ms dns=0s conn=2562047h47m16.854775807s ttfb=397.847ms err=<nil>
2025/06/24 01:10:38 url=http://localhost:9000 total=2.8705ms dns=0s conn=2562047h47m16.854775807s ttfb=2.2408ms err=<nil>
2025/06/24 01:10:39 url=http://localhost:9000 total=470.6893ms dns=1.0002ms conn=0s ttfb=467.4659ms err=<nil>
2025/06/24 01:10:39 url=http://localhost:9000 total=353.4669ms dns=0s conn=1.0001ms ttfb=351.489ms err=<nil>
2025/06/24 01:10:39 url=http://localhost:9000 total=11.2022ms dns=1.0469ms conn=4.8865ms ttfb=5.8381ms err=Get "http://localhost:9000": net/http: HTTP/1.x transport connection broken: malformed HTTP version "{\"status\":\"ok\"}HTTP/1.1"
2025/06/24 01:10:40 url=http://localhost:9000 total=369.8711ms dns=998.1µs conn=998µs ttfb=368.8813ms err=<nil>
2025/06/24 01:10:40 url=http://localhost:9000 total=324.6834ms dns=0s conn=995.5µs ttfb=323.4947ms err=<nil>
2025/06/24 01:10:41 url=http://localhost:9000 total=45.9058ms dns=521.5µs conn=15.932ms ttfb=14.0808ms err=<nil>
2025/06/24 01:10:41 url=http://localhost:9000 total=33.8537ms dns=1.0112ms conn=974.5µs ttfb=32.8632ms err=<nil>
2025/06/24 01:10:44 url=http://localhost:9002 total=764.6998ms dns=1.9842ms conn=4.0386ms ttfb=755.294ms err=<nil>
2025/06/24 01:10:45 url=http://localhost:9000 total=777.2317ms dns=982.5µs conn=1.007ms ttfb=775.8192ms err=<nil>
2025/06/24 01:10:47 url=http://localhost:9001 total=883.8922ms dns=999.6µs conn=0s ttfb=882.9052ms err=<nil>
2025/06/24 01:10:47 url=http://localhost:9002 total=707.0902ms dns=2.2987ms conn=0s ttfb=703.2537ms err=<nil>
2025/06/24 01:10:49 url=http://localhost:9000 total=936.9143ms dns=0s conn=1.0267ms ttfb=933.4157ms err=<nil>
2025/06/24 01:10:50 url=http://localhost:9001 total=1.0065767s dns=2.0219ms conn=1.4611ms ttfb=1.0056464s err=<nil>
2025/06/24 01:10:51 url=http://localhost:9002 total=19.4146ms dns=640.5µs conn=-541.9µs ttfb=13.0651ms err=<nil>
2025/06/24 01:10:53 url=http://localhost:9000 total=510.511ms dns=1.1056ms conn=3.0374ms ttfb=507.1563ms err=<nil>
2025/06/24 01:10:53 url=http://localhost:9001 total=486.0689ms dns=1.9966ms conn=995.5µs ttfb=483.7275ms err=<nil>
2025/06/24 01:10:55 url=http://localhost:9002 total=604.1488ms dns=1.5665ms conn=1.0014ms ttfb=601.0991ms err=<nil>
2025/06/24 01:10:55 url=http://localhost:9000 total=510.688ms dns=1.0782ms conn=1.1317ms ttfb=508.3361ms err=<nil>
2025/06/24 01:10:56 url=http://localhost:9001 total=421.9442ms dns=0s conn=1.0002ms ttfb=424.9566ms err=<nil>
2025/06/24 01:10:56 url=http://localhost:9002 total=7.1134ms dns=1.1922ms conn=-1.1922ms ttfb=3.855ms err=<nil>
2025/06/24 01:10:57 url=http://localhost:9000 total=3.2554ms dns=0s conn=2562047h47m16.854775807s ttfb=6.2539ms err=<nil>
2025/06/24 01:10:58 url=http://localhost:9001 total=110.7435ms dns=1.1665ms conn=1.5664ms ttfb=107.8583ms err=<nil>
2025/06/24 01:11:01 url=http://localhost:9000 total=468.3762ms dns=2.2629ms conn=3.0804ms ttfb=467.0391ms err=<nil>
2025/06/24 01:11:01 url=http://localhost:9000 total=508.9798ms dns=1.9679ms conn=2.0043ms ttfb=513.0082ms err=<nil>
2025/06/24 01:11:03 url=http://localhost:9000 total=667.7732ms dns=1.1777ms conn=3.8151ms ttfb=663.9487ms err=<nil>
2025/06/24 01:11:03 url=http://localhost:9000 total=273.5205ms dns=21.98ms conn=13.715ms ttfb=76.0372ms err=<nil>
2025/06/24 01:11:05 url=http://localhost:9000 total=547.9642ms dns=10.5638ms conn=12.7043ms ttfb=525.6947ms err=<nil>
2025/06/24 01:11:06 url=http://localhost:9000 total=694.9206ms dns=73.5951ms conn=17.9609ms ttfb=605.1722ms err=<nil>
2025/06/24 01:11:08 url=http://localhost:9000 total=443.9446ms dns=12.4285ms conn=5.3791ms ttfb=426.1103ms err=<nil>
2025/06/24 01:11:08 url=http://localhost:9000 total=23.4814ms dns=4.0029ms conn=1.0014ms ttfb=13.4505ms err=<nil>
2025/06/24 01:11:09 url=http://localhost:9000 total=33.3662ms dns=6.9985ms conn=-2.0008ms ttfb=29.3728ms err=<nil>
2025/06/24 01:11:10 url=http://localhost:9000 total=2.2398ms dns=0s conn=2562047h47m16.854775807s ttfb=2.7657ms err=<nil>
2025/06/24 01:14:18 url=http://localhost:9000 total=242.3036ms dns=575.8µs conn=1.283ms ttfb=241.4439ms err=<nil>
2025/06/24 01:14:19 url=http://localhost:9000 total=312.0441ms dns=1.0543ms conn=34.3µs ttfb=311.5193ms err=<nil>
2025/06/24 01:14:19 url=http://localhost:9000 total=375.608ms dns=994µs conn=1.0051ms ttfb=375.6101ms err=<nil>
2025/06/24 01:14:19 url=http://localhost:9000 total=405.309ms dns=0s conn=1.0035ms ttfb=404.3055ms err=<nil>
2025/06/24 01:14:20 url=http://localhost:9000 total=373.4772ms dns=1.1488ms conn=775µs ttfb=374.5418ms err=<nil>
2025/06/24 01:14:20 url=http://localhost:9000 total=2.2537ms dns=0s conn=2562047h47m16.854775807s ttfb=6.0011ms err=<nil>
2025/06/24 01:14:20 url=http://localhost:9000 total=17.7422ms dns=524.4µs conn=2.0446ms ttfb=16.1701ms err=<nil>
2025/06/24 01:14:20 url=http://localhost:9000 total=554.3859ms dns=3.9975ms conn=-997.9µs ttfb=552.3869ms err=<nil>
2025/06/24 01:14:21 url=http://localhost:9000 total=459.433ms dns=2.3962ms conn=554.6µs ttfb=456.0186ms err=<nil>
2025/06/24 01:14:21 url=http://localhost:9000 total=28.8572ms dns=0s conn=2562047h47m16.854775807s ttfb=28.8523ms err=<nil>
2025/06/24 01:14:21 url=http://localhost:9000 total=11.0006ms dns=0s conn=2562047h47m16.854775807s ttfb=11.0049ms err=<nil>
2025/06/24 01:14:21 url=http://localhost:9000 total=7.7519ms dns=0s conn=2562047h47m16.854775807s ttfb=8.7549ms err=<nil>
2025/06/24 01:14:22 url=http://localhost:9000 total=327.7884ms dns=1.0038ms conn=995.5µs ttfb=326.7865ms err=<nil>
2025/06/24 01:14:22 url=http://localhost:9000 total=8.1825ms dns=0s conn=0s ttfb=7.1887ms err=<nil>
2025/06/24 01:14:22 url=http://localhost:9000 total=20.6338ms dns=0s conn=2562047h47m16.854775807s ttfb=20.6256ms err=<nil>
2025/06/24 01:14:22 url=http://localhost:9000 total=8.0054ms dns=0s conn=2562047h47m16.854775807s ttfb=9.0034ms err=<nil>
2025/06/24 01:14:22 url=http://localhost:9000 total=3.0129ms dns=0s conn=2562047h47m16.854775807s ttfb=4.0067ms err=<nil>
2025/06/24 01:14:23 url=http://localhost:9000 total=43.4663ms dns=25.5751ms conn=-19.191ms ttfb=37.6368ms err=<nil>
2025/06/24 01:14:23 url=http://localhost:9000 total=365.162ms dns=0s conn=1.0006ms ttfb=363.6862ms err=<nil>
2025/06/24 01:14:24 url=http://localhost:9000 total=377.6948ms dns=118.2µs conn=557.1µs ttfb=380.4809ms err=<nil>
2025/06/24 01:14:24 url=http://localhost:9000 total=15.6718ms dns=0s conn=2562047h47m16.854775807s ttfb=15.6718ms err=<nil>
2025/06/24 01:14:24 url=http://localhost:9000 total=521.7881ms dns=1.0025ms conn=1.0046ms ttfb=520.4538ms err=<nil>
2025/06/24 01:14:24 url=http://localhost:9000 total=4.0026ms dns=0s conn=2562047h47m16.854775807s ttfb=6.0076ms err=<nil>
2025/06/24 01:14:24 url=http://localhost:9000 total=250.5752ms dns=0s conn=2562047h47m16.854775807s ttfb=251.576ms err=<nil>
2025/06/24 01:14:25 url=http://localhost:9000 total=284.392ms dns=0s conn=2562047h47m16.854775807s ttfb=285.3933ms err=<nil>
2025/06/24 01:14:25 url=http://localhost:9000 total=4.0023ms dns=1.0008ms conn=0s ttfb=4.0002ms err=<nil>
2025/06/24 01:14:25 url=http://localhost:9000 total=4.9958ms dns=-2562047h47m16.854775808s conn=2562047h47m16.854775807s ttfb=5.9957ms err=<nil>
2025/06/24 01:14:25 url=http://localhost:9000 total=368.3809ms dns=0s conn=997.5µs ttfb=368.3815ms err=<nil>
2025/06/24 01:14:25 url=http://localhost:9000 total=15.9267ms dns=0s conn=2562047h47m16.854775807s ttfb=15.9267ms err=<nil>
2025/06/24 01:14:25 url=http://localhost:9000 total=2.0059ms dns=997.7µs conn=-997.7µs ttfb=3.0047ms err=<nil>
2025/06/24 01:14:26 url=http://localhost:9000 total=33.0468ms dns=0s conn=2562047h47m16.854775807s ttfb=36.1537ms err=<nil>
2025/06/24 01:14:26 url=http://localhost:9000 total=11.9963ms dns=994.7µs conn=-994.7µs ttfb=11.9956ms err=<nil>
2025/06/24 01:14:26 url=http://localhost:9000 total=2.0009ms dns=0s conn=2562047h47m16.854775807s ttfb=2.0009ms err=<nil>
2025/06/24 01:14:26 url=http://localhost:9000 total=1.999ms dns=0s conn=2562047h47m16.854775807s ttfb=3.0008ms err=<nil>
2025/06/24 01:14:27 url=http://localhost:9000 total=2.9985ms dns=0s conn=1.0018ms ttfb=1.9967ms err=<nil>
2025/06/24 01:14:27 url=http://localhost:9000 total=2.0031ms dns=0s conn=2562047h47m16.854775807s ttfb=2.001ms err=<nil>
2025/06/24 01:14:28 url=http://localhost:9000 total=412.4706ms dns=3.007ms conn=996.6µs ttfb=409.5919ms err=<nil>
2025/06/24 01:14:28 url=http://localhost:9000 total=36.158ms dns=-2562047h47m16.854775808s conn=2562047h47m16.854775807s ttfb=15.5385ms err=<nil>
2025/06/24 01:14:28 url=http://localhost:9000 total=478.3715ms dns=1.0543ms conn=0s ttfb=478.8371ms err=<nil>
2025/06/24 01:14:28 url=http://localhost:9000 total=4.996ms dns=0s conn=2562047h47m16.854775807s ttfb=4.996ms err=<nil>
2025/06/24 01:14:28 url=http://localhost:9000 total=1.9995ms dns=0s conn=2562047h47m16.854775807s ttfb=1.9995ms err=<nil>
2025/06/24 01:14:28 url=http://localhost:9000 total=296.0074ms dns=0s conn=2562047h47m16.854775807s ttfb=297.0068ms err=<nil>
2025/06/24 01:14:29 url=http://localhost:9000 total=999.7µs dns=0s conn=2562047h47m16.854775807s ttfb=2.0079ms err=<nil>
2025/06/24 01:14:29 url=http://localhost:9000 total=13.461ms dns=0s conn=2562047h47m16.854775807s ttfb=14.4545ms err=<nil>
2025/06/24 01:14:29 url=http://localhost:9000 total=36.3395ms dns=531.9µs conn=0s ttfb=36.3084ms err=<nil>
2025/06/24 01:14:36 url=http://localhost:9001 total=360.47ms dns=0s conn=2562047h47m16.854775807s ttfb=361.5673ms err=<nil>
2025/06/24 01:14:36 url=http://localhost:9002 total=7.7334ms dns=0s conn=2562047h47m16.854775807s ttfb=8.6748ms err=<nil>
2025/06/24 01:14:36 url=http://localhost:9000 total=232.226ms dns=1.0063ms conn=1.996ms ttfb=231.2237ms err=<nil>
2025/06/24 01:14:36 url=http://localhost:9002 total=3.0018ms dns=0s conn=2562047h47m16.854775807s ttfb=4.0075ms err=<nil>
2025/06/24 01:14:36 url=http://localhost:9001 total=309.2967ms dns=1.0035ms conn=0s ttfb=308.841ms err=<nil>
2025/06/24 01:14:36 url=http://localhost:9000 total=6.6387ms dns=0s conn=2562047h47m16.854775807s ttfb=7.6326ms err=<nil>
2025/06/24 01:14:37 url=http://localhost:9001 total=404.6902ms dns=0s conn=2562047h47m16.854775807s ttfb=405.6893ms err=<nil>
2025/06/24 01:14:37 url=http://localhost:9000 total=17.4268ms dns=0s conn=2562047h47m16.854775807s ttfb=14.4295ms err=<nil>
2025/06/24 01:14:38 url=http://localhost:9002 total=533.3056ms dns=997.6µs conn=1.003ms ttfb=531.8899ms err=<nil>
2025/06/24 01:14:38 url=http://localhost:9001 total=12.8188ms dns=0s conn=2562047h47m16.854775807s ttfb=13.9633ms err=<nil>
2025/06/24 01:14:38 url=http://localhost:9002 total=7.7809ms dns=0s conn=2562047h47m16.854775807s ttfb=8.7798ms err=<nil>
2025/06/24 01:14:38 url=http://localhost:9000 total=3.0021ms dns=0s conn=2562047h47m16.854775807s ttfb=4.4099ms err=<nil>
2025/06/24 01:14:39 url=http://localhost:9002 total=2.9825ms dns=0s conn=2562047h47m16.854775807s ttfb=3.984ms err=<nil>
2025/06/24 01:14:39 url=http://localhost:9001 total=381.3779ms dns=0s conn=1.1738ms ttfb=381.8305ms err=<nil>
2025/06/24 01:14:40 url=http://localhost:9000 total=384.8205ms dns=0s conn=2562047h47m16.854775807s ttfb=385.8168ms err=<nil>
2025/06/24 01:14:40 url=http://localhost:9001 total=456.6091ms dns=0s conn=1.0021ms ttfb=456.1339ms err=<nil>
2025/06/24 01:14:41 url=http://localhost:9002 total=381.5274ms dns=0s conn=2562047h47m16.854775807s ttfb=382.528ms err=<nil>
2025/06/24 01:14:41 url=http://localhost:9000 total=205.4585ms dns=0s conn=2562047h47m16.854775807s ttfb=208.2887ms err=<nil>
2025/06/24 01:14:41 url=http://localhost:9001 total=4.0006ms dns=0s conn=2562047h47m16.854775807s ttfb=8.0002ms err=<nil>
2025/06/24 01:14:42 url=http://localhost:9002 total=686.7038ms dns=0s conn=2562047h47m16.854775807s ttfb=686.7038ms err=<nil>
2025/06/24 01:14:43 url=http://localhost:9000 total=5.0614ms dns=0s conn=2562047h47m16.854775807s ttfb=6.0573ms err=<nil>
2025/06/24 01:14:44 url=http://localhost:9002 total=74.3824ms dns=0s conn=2562047h47m16.854775807s ttfb=74.93ms err=<nil>
2025/06/24 01:14:44 url=http://localhost:9001 total=750.8451ms dns=16.8625ms conn=-4.0082ms ttfb=738.7282ms err=<nil>
2025/06/24 01:14:44 url=http://localhost:9000 total=12.1075ms dns=0s conn=2562047h47m16.854775807s ttfb=15.3743ms err=<nil>
2025/06/24 01:14:45 url=http://localhost:9001 total=10.7726ms dns=0s conn=2562047h47m16.854775807s ttfb=12.1891ms err=<nil>
2025/06/24 01:14:45 url=http://localhost:9002 total=3.2174ms dns=0s conn=2562047h47m16.854775807s ttfb=4.7392ms err=<nil>
2025/06/24 01:14:46 url=http://localhost:9001 total=31.558ms dns=3.0087ms conn=0s ttfb=28.4567ms err=<nil>
2025/06/24 01:14:46 url=http://localhost:9000 total=490.6247ms dns=552.7µs conn=617.5µs ttfb=489.9789ms err=<nil>
2025/06/24 01:14:46 url=http://localhost:9002 total=6.0023ms dns=0s conn=2562047h47m16.854775807s ttfb=6.0044ms err=<nil>
2025/06/24 01:14:47 url=http://localhost:9001 total=18.4376ms dns=2.1245ms conn=1.9258ms ttfb=14.3873ms err=<nil>
2025/06/24 01:14:47 url=http://localhost:9000 total=500.5279ms dns=0s conn=2562047h47m16.854775807s ttfb=502.5379ms err=<nil>
2025/06/24 01:14:48 url=http://localhost:9002 total=10.9999ms dns=0s conn=2562047h47m16.854775807s ttfb=11.9951ms err=<nil>
2025/06/24 01:14:49 url=http://localhost:9000 total=363.8311ms dns=4.0012ms conn=0s ttfb=358.4005ms err=<nil>
2025/06/24 01:14:49 url=http://localhost:9001 total=163.7834ms dns=0s conn=0s ttfb=164.8306ms err=<nil>
2025/06/24 01:14:50 url=http://localhost:9000 total=611.0332ms dns=3.0044ms conn=0s ttfb=608.0288ms err=<nil>
2025/06/24 01:14:51 url=http://localhost:9000 total=92.8992ms dns=0s conn=2562047h47m16.854775807s ttfb=95.8989ms err=<nil>
2025/06/24 01:14:52 url=http://localhost:9000 total=513.3977ms dns=992.7µs conn=5.0118ms ttfb=508.3985ms err=<nil>
2025/06/24 01:14:52 url=http://localhost:9000 total=11.227ms dns=0s conn=2562047h47m16.854775807s ttfb=11.6512ms err=<nil>
2025/06/24 01:14:52 url=http://localhost:9000 total=2.8378ms dns=0s conn=2562047h47m16.854775807s ttfb=3.4595ms err=<nil>
2025/06/24 01:14:53 url=http://localhost:9000 total=17.9906ms dns=8.9886ms conn=-2.987ms ttfb=12.9825ms err=<nil>
2025/06/24 01:14:54 url=http://localhost:9000 total=443.4776ms dns=2.0018ms conn=1.998ms ttfb=442.4742ms err=<nil>
2025/06/24 01:14:54 url=http://localhost:9000 total=476.9179ms dns=3.2768ms conn=4.752ms ttfb=476.3094ms err=<nil>
2025/06/24 01:14:54 url=http://localhost:9000 total=71.8578ms dns=0s conn=2562047h47m16.854775807s ttfb=73.4627ms err=<nil>
2025/06/24 01:14:54 url=http://localhost:9000 total=11.9948ms dns=0s conn=2562047h47m16.854775807s ttfb=12.9887ms err=<nil>
2025/06/24 01:14:56 url=http://localhost:9000 total=406.3357ms dns=8.0056ms conn=2.3486ms ttfb=396.978ms err=<nil>
2025/06/24 01:14:56 url=http://localhost:9000 total=58.6768ms dns=0s conn=2562047h47m16.854775807s ttfb=61.2566ms err=<nil>
2025/06/24 01:14:56 url=http://localhost:9000 total=58.5279ms dns=56.5143ms conn=-43.5114ms ttfb=46.5168ms err=<nil>
2025/06/24 01:14:57 url=http://localhost:9000 total=11.5693ms dns=0s conn=2562047h47m16.854775807s ttfb=12.6363ms err=<nil>
2025/06/24 01:14:57 url=http://localhost:9000 total=24.9978ms dns=0s conn=2562047h47m16.854775807s ttfb=26.0082ms err=<nil>
2025/06/24 01:14:58 url=http://localhost:9000 total=3.0094ms dns=0s conn=2562047h47m16.854775807s ttfb=3.9989ms err=<nil>
2025/06/25 20:14:34 url=http://localhost:9001 total=8.2143ms dns=0s conn=2562047h47m16.854775807s ttfb=8.8541ms err=<nil>
2025/06/25 20:14:39 url=http://localhost:9002 total=11.6303ms dns=0s conn=2562047h47m16.854775807s ttfb=12.2654ms err=<nil>
2025/06/25 20:14:42 url=http://localhost:9000 total=4.4683ms dns=0s conn=2562047h47m16.854775807s ttfb=5.017ms err=<nil>
2025/06/25 20:14:46 url=http://localhost:9001 total=60.7147ms dns=547.9µs conn=536.7µs ttfb=60.6262ms err=<nil>
2025/06/25 20:14:48 url=http://localhost:9000 total=1.1863ms dns=0s conn=2562047h47m16.854775807s ttfb=1.1863ms err=<nil>
2025/06/25 20:14:51 url=http://localhost:9000 total=6.0188ms dns=0s conn=567.6µs ttfb=7.2546ms err=<nil>
2025/06/25 20:14:53 url=http://localhost:9000 total=9.4782ms dns=0s conn=2562047h47m16.854775807s ttfb=10.075ms err=<nil>
2025/06/25 20:14:55 url=http://localhost:9000 total=13.5161ms dns=998.2µs conn=0s ttfb=12.5179ms err=<nil>
2025/06/25 20:14:57 url=http://localhost:9000 total=2.2362ms dns=0s conn=2562047h47m16.854775807s ttfb=2.7896ms err=<nil>
2025/06/25 20:14:59 url=http://localhost:9000 total=7.0052ms dns=0s conn=2562047h47m16.854775807s ttfb=7.0217ms err=<nil>
2025/06/25 20:15:01 url=http://localhost:9000 total=4.9946ms dns=0s conn=2562047h47m16.854775807s ttfb=4.9946ms err=<nil>
2025/06/25 20:15:03 url=http://localhost:9000 total=524.1µs dns=0s conn=2562047h47m16.854775807s ttfb=1.2999ms err=<nil>
2025/06/25 20:15:05 url=http://localhost:9000 total=1.1209ms dns=0s conn=2562047h47m16.854775807s ttfb=1.6804ms err=<nil>
2025/06/25 20:15:07 url=http://localhost:9000 total=3.9399ms dns=0s conn=2562047h47m16.854775807s ttfb=5.9601ms err=<nil>
2025/06/25 20:15:09 url=http://localhost:9000 total=1.0224ms dns=0s conn=2562047h47m16.854775807s ttfb=1.5301ms err=<nil>
2025/06/25 20:15:12 url=http://localhost:9000 total=1.6314ms dns=0s conn=2562047h47m16.854775807s ttfb=2.5739ms err=<nil>
2025/06/25 20:15:14 url=http://localhost:9000 total=520.7µs dns=0s conn=2562047h47m16.854775807s ttfb=1.8329ms err=<nil>
2025/06/25 20:15:16 url=http://localhost:9000 total=2.0049ms dns=0s conn=2562047h47m16.854775807s ttfb=2.9987ms err=<nil>
2025/06/25 20:15:18 url=http://localhost:9000 total=1.9849ms dns=0s conn=2562047h47m16.854775807s ttfb=3.9865ms err=<nil>
2025/06/25 20:15:18 url=http://localhost:9004 total=13.077ms dns=0s conn=2562047h47m16.854775807s ttfb=13.077ms err=<nil>
2025/06/25 20:15:20 url=http://localhost:9000 total=923.7µs dns=0s conn=2562047h47m16.854775807s ttfb=1.4642ms err=<nil>
2025/06/25 20:15:22 url=http://localhost:9000 total=1.5443ms dns=0s conn=2562047h47m16.854775807s ttfb=1.5443ms err=<nil>
2025/06/25 20:15:24 url=http://localhost:9000 total=1.9964ms dns=0s conn=2562047h47m16.854775807s ttfb=4.5317ms err=<nil>
2025/06/25 20:15:26 url=http://localhost:9000 total=1.9981ms dns=0s conn=2562047h47m16.854775807s ttfb=3.0021ms err=<nil>
2025/06/25 20:15:28 url=http://localhost:9000 total=2.1415ms dns=0s conn=2562047h47m16.854775807s ttfb=3.7995ms err=<nil>
2025/06/25 20:15:30 url=http://localhost:9000 total=6.0943ms dns=0s conn=2562047h47m16.854775807s ttfb=7.5665ms err=<nil>
2025/06/25 20:15:32 url=http://localhost:9000 total=1.1714ms dns=0s conn=2562047h47m16.854775807s ttfb=1.7099ms err=<nil>
2025/06/25 20:15:34 url=http://localhost:9000 total=1.002ms dns=0s conn=2562047h47m16.854775807s ttfb=2.0071ms err=<nil>
2025/06/25 20:15:36 url=http://localhost:9000 total=1.2786ms dns=0s conn=2562047h47m16.854775807s ttfb=1.2786ms err=<nil>
2025/06/25 20:15:38 url=http://localhost:9000 total=1.5385ms dns=0s conn=2562047h47m16.854775807s ttfb=2.0662ms err=<nil>
2025/06/25 20:15:40 url=http://localhost:9000 total=1.5341ms dns=0s conn=2562047h47m16.854775807s ttfb=2.864ms err=<nil>
2025/06/25 20:15:42 url=http://localhost:9000 total=2.3807ms dns=0s conn=2562047h47m16.854775807s ttfb=3.1897ms err=<nil>
2025/06/25 20:15:44 url=http://localhost:9000 total=2.3451ms dns=0s conn=2562047h47m16.854775807s ttfb=2.0364ms err=<nil>
2025/06/25 20:15:46 url=http://localhost:9000 total=21.4001ms dns=16.502ms conn=0s ttfb=7.6838ms err=<nil>
2025/06/25 20:15:48 url=http://localhost:9000 total=1.3839ms dns=0s conn=2562047h47m16.854775807s ttfb=3.1405ms err=<nil>
2025/06/25 20:15:50 url=http://localhost:9000 total=2.0047ms dns=0s conn=2562047h47m16.854775807s ttfb=3.0002ms err=<nil>
2025/06/25 20:15:52 url=http://localhost:9000 total=1.8033ms dns=0s conn=2562047h47m16.854775807s ttfb=2.4651ms err=<nil>
2025/06/25 20:15:54 url=http://localhost:9000 total=1.5172ms dns=0s conn=2562047h47m16.854775807s ttfb=3.6883ms err=<nil>
2025/06/25 20:15:57 url=http://localhost:9000 total=35.6889ms dns=1.0708ms conn=2.996ms ttfb=32.5511ms err=<nil>
2025/06/25 20:15:59 url=http://localhost:9000 total=3.0889ms dns=0s conn=2562047h47m16.854775807s ttfb=5.2543ms err=<nil>
2025/06/25 20:16:02 url=http://localhost:9000 total=522.8µs dns=0s conn=2562047h47m16.854775807s ttfb=1.5214ms err=<nil>
2025/06/25 20:16:04 url=http://localhost:9000 total=2.0889ms dns=0s conn=2562047h47m16.854775807s ttfb=3.0838ms err=<nil>
2025/06/25 20:16:08 url=http://localhost:9000 total=2.0649ms dns=0s conn=2562047h47m16.854775807s ttfb=7.1191ms err=<nil>
2025/06/25 20:16:12 url=http://localhost:9000 total=2.0046ms dns=0s conn=2562047h47m16.854775807s ttfb=2.738ms err=<nil>
2025/06/25 20:16:19 url=http://localhost:9000 total=522.8µs dns=0s conn=2562047h47m16.854775807s ttfb=1.9571ms err=<nil>
2025/06/25 23:58:21 url=http://localhost:9000 total=3.0692ms dns=0s conn=2562047h47m16.854775807s ttfb=4.624ms err=<nil>
2025/06/25 23:58:27 url=http://localhost:9000 total=20.273ms dns=892.9µs conn=1.3223ms ttfb=18.4053ms err=<nil>
2025/06/25 23:58:30 url=http://localhost:9000 total=7.3279ms dns=0s conn=2562047h47m16.854775807s ttfb=8.8612ms err=<nil>
2025/06/25 23:58:33 url=http://localhost:9000 total=2.0187ms dns=0s conn=2562047h47m16.854775807s ttfb=2.9279ms err=<nil>
2025/06/25 23:58:36 url=http://localhost:9000 total=7.1751ms dns=0s conn=2562047h47m16.854775807s ttfb=11.0909ms err=<nil>
2025/06/25 23:58:38 url=http://localhost:9000 total=40.7906ms dns=2.5042ms conn=2.3182ms ttfb=43.0906ms err=<nil>
2025/06/25 23:58:41 url=http://localhost:9000 total=4.0502ms dns=0s conn=2562047h47m16.854775807s ttfb=5.4132ms err=<nil>
2025/06/25 23:58:43 url=http://localhost:9001 total=12.683ms dns=0s conn=2562047h47m16.854775807s ttfb=13.3132ms err=<nil>
2025/06/25 23:58:46 url=http://localhost:9002 total=10.7594ms dns=0s conn=2562047h47m16.854775807s ttfb=10.7594ms err=<nil>
2025/06/25 23:58:48 url=http://localhost:9000 total=12.2543ms dns=1.2835ms conn=733µs ttfb=11.2233ms err=<nil>
2025/06/25 23:58:50 url=http://localhost:9001 total=21.7609ms dns=0s conn=2562047h47m16.854775807s ttfb=23.1159ms err=<nil>
2025/06/25 23:58:52 url=http://localhost:9002 total=26.806ms dns=7.7667ms conn=0s ttfb=19.1184ms err=<nil>
2025/06/25 23:58:54 url=http://localhost:9000 total=7.3762ms dns=0s conn=2562047h47m16.854775807s ttfb=12.0727ms err=<nil>
2025/06/25 23:58:58 url=http://localhost:9000 total=5.5778ms dns=0s conn=2562047h47m16.854775807s ttfb=7.6553ms err=<nil>
2025/06/25 23:59:00 url=http://localhost:9000 total=9.6939ms dns=0s conn=2562047h47m16.854775807s ttfb=11.0752ms err=<nil>
2025/06/25 23:59:02 url=http://localhost:9000 total=20.6126ms dns=0s conn=2562047h47m16.854775807s ttfb=21.5646ms err=<nil>
2025/06/25 23:59:04 url=http://localhost:9000 total=6.3679ms dns=0s conn=2562047h47m16.854775807s ttfb=7.4455ms err=<nil>
2025/06/25 23:59:06 url=http://localhost:9000 total=2.8555ms dns=0s conn=2562047h47m16.854775807s ttfb=4.076ms err=<nil>
2025/06/25 23:59:08 url=http://localhost:9000 total=28.2161ms dns=1.1139ms conn=582.3µs ttfb=27.1181ms err=<nil>
2025/06/25 23:59:11 url=http://localhost:9000 total=46.1253ms dns=996.1µs conn=2.0007ms ttfb=44.1273ms err=<nil>
2025/06/25 23:59:14 url=http://localhost:9000 total=6.6083ms dns=0s conn=2562047h47m16.854775807s ttfb=9.2753ms err=<nil>
2025/06/25 23:59:16 url=http://localhost:9000 total=13.034ms dns=0s conn=2562047h47m16.854775807s ttfb=18.7393ms err=<nil>
2025/06/25 23:59:18 url=http://localhost:9000 total=2.2974ms dns=0s conn=2562047h47m16.854775807s ttfb=3.623ms err=<nil>
2025/06/25 23:59:20 url=http://localhost:9000 total=1.9666ms dns=0s conn=2562047h47m16.854775807s ttfb=3.2482ms err=<nil>
2025/06/25 23:59:22 url=http://localhost:9000 total=3.9238ms dns=0s conn=2562047h47m16.854775807s ttfb=4.7921ms err=<nil>
2025/06/25 23:59:24 url=http://localhost:9000 total=3.2087ms dns=0s conn=2562047h47m16.854775807s ttfb=5.5872ms err=<nil>
2025/06/25 23:59:26 url=http://localhost:9000 total=22.0742ms dns=537.7µs conn=991.5µs ttfb=28.313ms err=<nil>
2025/06/25 23:59:29 url=http://localhost:9000 total=18.2995ms dns=0s conn=2562047h47m16.854775807s ttfb=21.8762ms err=<nil>
2025/06/25 23:59:31 url=http://localhost:9000 total=34.599ms dns=0s conn=2562047h47m16.854775807s ttfb=40.564ms err=<nil>
2025/06/25 23:59:33 url=http://localhost:9000 total=18.7872ms dns=0s conn=2562047h47m16.854775807s ttfb=27.0485ms err=<nil>
2025/06/25 23:59:35 url=http://localhost:9000 total=2.9976ms dns=0s conn=2562047h47m16.854775807s ttfb=5.1424ms err=<nil>
2025/06/25 23:59:37 url=http://localhost:9000 total=1.4935ms dns=0s conn=2562047h47m16.854775807s ttfb=4.3573ms err=<nil>
2025/06/25 23:59:40 url=http://localhost:9000 total=5.8397ms dns=0s conn=2562047h47m16.854775807s ttfb=7.3177ms err=<nil>
2025/06/25 23:59:42 url=http://localhost:9000 total=2.3655ms dns=0s conn=2562047h47m16.854775807s ttfb=2.9102ms err=<nil>
2025/06/25 23:59:44 url=http://localhost:9000 total=3.0409ms dns=0s conn=2562047h47m16.854775807s ttfb=5.1567ms err=<nil>
2025/06/25 23:59:46 url=http://localhost:9000 total=6.4485ms dns=0s conn=2562047h47m16.854775807s ttfb=7.4517ms err=<nil>
2025/06/25 23:59:49 url=http://localhost:9000 total=13.3298ms dns=0s conn=2562047h47m16.854775807s ttfb=14.5075ms err=<nil>
2025/06/25 23:59:52 url=http://localhost:9000 total=12.0986ms dns=0s conn=2562047h47m16.854775807s ttfb=17.9981ms err=<nil>
2025/06/25 23:59:55 url=http://localhost:9000 total=7.0899ms dns=0s conn=2562047h47m16.854775807s ttfb=8.6323ms err=<nil>
2025/06/25 23:59:59 url=http://localhost:9000 total=2.9857ms dns=0s conn=2562047h47m16.854775807s ttfb=4.6911ms err=<nil>
2025/06/26 00:00:06 url=http://localhost:9000 total=6.0963ms dns=0s conn=2562047h47m16.854775807s ttfb=12.7381ms err=<nil>
2025/06/26 00:08:07 url=http://localhost:9001 total=17.8351ms dns=0s conn=2562047h47m16.854775807s ttfb=18.6892ms err=<nil>
2025/06/26 00:08:12 url=http://localhost:9002 total=16.0059ms dns=0s conn=2562047h47m16.854775807s ttfb=16.8415ms err=<nil>
2025/06/26 00:08:16 url=http://localhost:9000 total=27.5935ms dns=-2562047h47m16.854775808s conn=2562047h47m16.854775807s ttfb=29.7794ms err=<nil>
2025/06/26 00:08:18 url=http://localhost:9001 total=1.9415ms dns=0s conn=2562047h47m16.854775807s ttfb=2.7443ms err=<nil>
2025/06/26 00:08:21 url=http://localhost:9002 total=22.3591ms dns=0s conn=2562047h47m16.854775807s ttfb=29.7306ms err=<nil>
2025/06/26 00:08:25 url=http://localhost:9000 total=67.0899ms dns=1.9668ms conn=2.9989ms ttfb=67.4419ms err=<nil>
2025/06/26 00:08:27 url=http://localhost:9000 total=18.438ms dns=1.1194ms conn=1.0229ms ttfb=16.8321ms err=<nil>
2025/06/26 00:08:29 url=http://localhost:9000 total=6.6111ms dns=0s conn=2562047h47m16.854775807s ttfb=12.7408ms err=<nil>
2025/06/26 00:08:31 url=http://localhost:9000 total=9.7004ms dns=0s conn=2562047h47m16.854775807s ttfb=14.5855ms err=<nil>
2025/06/26 00:08:33 url=http://localhost:9000 total=13.6918ms dns=4.7894ms conn=1.3987ms ttfb=9.3942ms err=<nil>
2025/06/26 00:08:35 url=http://localhost:9000 total=20.0225ms dns=3.2919ms conn=1.7931ms ttfb=16.7715ms err=<nil>
2025/06/26 00:08:39 url=http://localhost:9000 total=101.004ms dns=1.8817ms conn=0s ttfb=108.0656ms err=<nil>
2025/06/26 00:08:42 url=http://localhost:9000 total=7.6582ms dns=0s conn=2562047h47m16.854775807s ttfb=8.2762ms err=<nil>
2025/06/26 00:08:44 url=http://localhost:9000 total=2.8807ms dns=0s conn=2562047h47m16.854775807s ttfb=3.4101ms err=<nil>
2025/06/26 00:08:46 url=http://localhost:9000 total=19.1458ms dns=2.6836ms conn=4.2084ms ttfb=13.8803ms err=<nil>
2025/06/26 00:08:48 url=http://localhost:9000 total=1.5363ms dns=0s conn=2562047h47m16.854775807s ttfb=2.525ms err=<nil>
2025/06/26 00:08:50 url=http://localhost:9000 total=3.9071ms dns=0s conn=2562047h47m16.854775807s ttfb=5.4532ms err=<nil>
2025/06/26 00:08:52 url=http://localhost:9000 total=5.7515ms dns=727.1µs conn=1.1326ms ttfb=5.1533ms err=<nil>
2025/06/26 00:08:54 url=http://localhost:9000 total=8.9981ms dns=0s conn=2562047h47m16.854775807s ttfb=11.1354ms err=<nil>
2025/06/26 00:08:56 url=http://localhost:9000 total=2.1381ms dns=0s conn=2562047h47m16.854775807s ttfb=2.7658ms err=<nil>
2025/06/26 00:08:58 url=http://localhost:9000 total=5.9502ms dns=5.9502ms conn=-4.949ms ttfb=8.5249ms err=<nil>
2025/06/26 00:09:00 url=http://localhost:9000 total=4.912ms dns=0s conn=2562047h47m16.854775807s ttfb=10.0105ms err=<nil>
2025/06/26 00:09:02 url=http://localhost:9000 total=2.1184ms dns=0s conn=2562047h47m16.854775807s ttfb=2.1184ms err=<nil>
2025/06/26 00:09:04 url=http://localhost:9000 total=2.7476ms dns=0s conn=2562047h47m16.854775807s ttfb=3.8879ms err=<nil>
2025/06/26 00:09:07 url=http://localhost:9000 total=11.2005ms dns=0s conn=2562047h47m16.854775807s ttfb=13.2056ms err=<nil>
2025/06/26 00:09:09 url=http://localhost:9000 total=7.9002ms dns=1.9614ms conn=0s ttfb=7.0948ms err=<nil>
2025/06/26 00:09:11 url=http://localhost:9000 total=3.4236ms dns=0s conn=2562047h47m16.854775807s ttfb=4.1901ms err=<nil>
2025/06/26 00:09:13 url=http://localhost:9000 total=15.7648ms dns=1.1596ms conn=-623µs ttfb=16.3057ms err=<nil>
2025/06/26 00:09:15 url=http://localhost:9000 total=6.9945ms dns=0s conn=2562047h47m16.854775807s ttfb=9.9939ms err=<nil>
2025/06/26 00:09:17 url=http://localhost:9000 total=7.3191ms dns=0s conn=2562047h47m16.854775807s ttfb=10.1967ms err=<nil>
2025/06/26 00:09:20 url=http://localhost:9000 total=41.5293ms dns=-2562047h47m16.854775808s conn=2562047h47m16.854775807s ttfb=40.7103ms err=<nil>
2025/06/26 00:09:22 url=http://localhost:9000 total=14.5602ms dns=8.8162ms conn=-645.5µs ttfb=10.3561ms err=<nil>
2025/06/26 00:09:24 url=http://localhost:9000 total=6.4963ms dns=0s conn=2562047h47m16.854775807s ttfb=10.043ms err=<nil>
2025/06/26 00:09:26 url=http://localhost:9000 total=16.8811ms dns=1.1474ms conn=541.1µs ttfb=16.0814ms err=<nil>
2025/06/26 00:09:28 url=http://localhost:9000 total=5.9658ms dns=0s conn=2562047h47m16.854775807s ttfb=10.563ms err=<nil>
2025/06/26 00:09:31 url=http://localhost:9000 total=12.547ms dns=1.8134ms conn=-995.5µs ttfb=12.0948ms err=<nil>
2025/06/26 00:09:33 url=http://localhost:9000 total=3.8298ms dns=0s conn=2562047h47m16.854775807s ttfb=4.6024ms err=<nil>
2025/06/26 00:09:36 url=http://localhost:9000 total=15.2265ms dns=-2562047h47m16.854775808s conn=2562047h47m16.854775807s ttfb=17.7419ms err=<nil>
2025/06/26 00:09:39 url=http://localhost:9000 total=6.3277ms dns=0s conn=2562047h47m16.854775807s ttfb=11.0184ms err=<nil>
2025/06/26 00:09:43 url=http://localhost:9000 total=5.208ms dns=0s conn=2562047h47m16.854775807s ttfb=8.0537ms err=<nil>
2025/06/26 00:09:49 url=http://localhost:9000 total=4.9216ms dns=0s conn=2562047h47m16.854775807s ttfb=7.3694ms err=<nil>
2025/06/26 00:33:50 url=http://localhost:9001 total=193.5302ms dns=117.8804ms conn=8.7906ms ttfb=67.221ms err=<nil>
2025/06/26 00:33:52 url=http://localhost:9002 total=51.6336ms dns=2.5642ms conn=2.2841ms ttfb=47.5945ms err=<nil>
2025/06/26 00:33:54 url=http://localhost:9000 total=105.7777ms dns=3.0353ms conn=2.7561ms ttfb=102.384ms err=<nil>
2025/06/26 00:33:56 url=http://localhost:9001 total=109.6134ms dns=99.9987ms conn=631µs ttfb=8.9585ms err=<nil>
2025/06/26 00:33:58 url=http://localhost:9002 total=18.0662ms dns=2.507ms conn=4.3276ms ttfb=13.9366ms err=<nil>
2025/06/26 00:34:00 url=http://localhost:9000 total=21.4111ms dns=3.1828ms conn=3.6827ms ttfb=16.4898ms err=<nil>
2025/06/26 00:34:02 url=http://localhost:9001 total=96.9847ms dns=83.6102ms conn=4.1098ms ttfb=10.8964ms err=<nil>
2025/06/26 00:34:04 url=http://localhost:9002 total=19.0816ms dns=3.2772ms conn=1.6377ms ttfb=12.3576ms err=<nil>
2025/06/26 00:34:07 url=http://localhost:9000 total=101.3999ms dns=18.3971ms conn=5.214ms ttfb=80.8994ms err=<nil>
2025/06/26 00:34:09 url=http://localhost:9000 total=117.956ms dns=99.351ms conn=1.8306ms ttfb=20.4766ms err=<nil>
2025/06/26 00:34:11 url=http://localhost:9000 total=29.9151ms dns=6.2986ms conn=2.807ms ttfb=23.3194ms err=<nil>
2025/06/26 00:34:13 url=http://localhost:9000 total=30.3766ms dns=7.7422ms conn=3.0051ms ttfb=29.5338ms err=<nil>
2025/06/26 00:34:15 url=http://localhost:9000 total=17.0757ms dns=2.2525ms conn=2.2455ms ttfb=15.312ms err=<nil>
2025/06/26 00:34:17 url=http://localhost:9000 total=16.7707ms dns=3.1331ms conn=1.8038ms ttfb=14.0443ms err=<nil>
2025/06/26 00:34:19 url=http://localhost:9000 total=16.9257ms dns=2.8552ms conn=1.4877ms ttfb=14.5005ms err=<nil>
2025/06/26 00:34:22 url=http://localhost:9000 total=90.9531ms dns=44.2683ms conn=2.6313ms ttfb=44.7976ms err=<nil>
2025/06/26 00:34:23 url=http://localhost:9000 total=9.9082ms dns=3.6015ms conn=1.0872ms ttfb=6.2215ms err=<nil>
2025/06/26 00:34:26 url=http://localhost:9000 total=6.195ms dns=1.0274ms conn=1.4631ms ttfb=4.5331ms err=<nil>
2025/06/26 00:34:31 url=http://localhost:9000 total=86.2317ms dns=62.3636ms conn=1.6604ms ttfb=23.7607ms err=<nil>
2025/06/26 00:39:19 url=http://localhost:9000 total=20.9115ms dns=0s conn=2562047h47m16.854775807s ttfb=26.2648ms err=<nil>
2025/06/26 00:39:22 url=http://localhost:9000 total=19.4112ms dns=2.5514ms conn=2.6878ms ttfb=16.667ms err=<nil>
2025/06/26 00:39:24 url=http://localhost:9000 total=6.8687ms dns=0s conn=2562047h47m16.854775807s ttfb=10.6891ms err=<nil>
2025/06/26 00:39:26 url=http://localhost:9001 total=12.3709ms dns=0s conn=2562047h47m16.854775807s ttfb=14.1736ms err=<nil>
2025/06/26 00:39:28 url=http://localhost:9002 total=27.135ms dns=0s conn=2562047h47m16.854775807s ttfb=30.4921ms err=<nil>
2025/06/26 00:39:30 url=http://localhost:9000 total=5.1379ms dns=0s conn=2562047h47m16.854775807s ttfb=6.9428ms err=<nil>
2025/06/26 00:39:32 url=http://localhost:9001 total=8.0014ms dns=0s conn=2562047h47m16.854775807s ttfb=9.5621ms err=<nil>
2025/06/26 00:39:35 url=http://localhost:9002 total=34.8268ms dns=0s conn=2562047h47m16.854775807s ttfb=41.3294ms err=<nil>
2025/06/26 00:39:37 url=http://localhost:9000 total=4.5982ms dns=0s conn=2562047h47m16.854775807s ttfb=6.3976ms err=<nil>
2025/06/26 00:39:39 url=http://localhost:9001 total=5.6662ms dns=0s conn=2562047h47m16.854775807s ttfb=7.0539ms err=<nil>
2025/06/26 00:39:41 url=http://localhost:9000 total=16.456ms dns=0s conn=2562047h47m16.854775807s ttfb=19.3689ms err=<nil>
2025/06/26 00:39:43 url=http://localhost:9000 total=20.5483ms dns=2.4153ms conn=4.2255ms ttfb=17.3463ms err=<nil>
2025/06/26 00:39:45 url=http://localhost:9000 total=4.3764ms dns=0s conn=2562047h47m16.854775807s ttfb=14.7229ms err=<nil>
2025/06/26 00:39:47 url=http://localhost:9000 total=18.0426ms dns=2.8076ms conn=3.7315ms ttfb=14.3962ms err=<nil>
2025/06/26 00:39:50 url=http://localhost:9000 total=131.9573ms dns=80.2404ms conn=8.2331ms ttfb=47.8375ms err=<nil>
2025/06/26 00:39:52 url=http://localhost:9000 total=7.9806ms dns=0s conn=2562047h47m16.854775807s ttfb=9.5064ms err=<nil>
2025/06/26 00:39:54 url=http://localhost:9000 total=22.0777ms dns=2.4686ms conn=1.947ms ttfb=20.5724ms err=<nil>
2025/06/26 00:39:56 url=http://localhost:9000 total=13.4653ms dns=0s conn=2562047h47m16.854775807s ttfb=14.7899ms err=<nil>
2025/06/26 00:40:00 url=http://localhost:9000 total=89.3955ms dns=79.0205ms conn=1.6627ms ttfb=14.1288ms err=<nil>
2025/06/26 00:41:30 url=http://localhost:9000 total=9.1952ms dns=0s conn=2562047h47m16.854775807s ttfb=41.1817ms err=<nil>
2025/06/26 00:41:33 url=http://localhost:9000 total=4.9084ms dns=0s conn=2562047h47m16.854775807s ttfb=4.3522ms err=<nil>
2025/06/26 00:41:35 url=http://localhost:9000 total=6.3253ms dns=0s conn=2562047h47m16.854775807s ttfb=13.3864ms err=<nil>
2025/06/26 00:41:37 url=http://localhost:9000 total=8.7749ms dns=0s conn=2562047h47m16.854775807s ttfb=10.6588ms err=<nil>
2025/06/26 00:41:39 url=http://localhost:9000 total=5.2194ms dns=0s conn=2562047h47m16.854775807s ttfb=11.6642ms err=<nil>
2025/06/26 00:41:41 url=http://localhost:9000 total=6.9667ms dns=0s conn=2562047h47m16.854775807s ttfb=8.5336ms err=<nil>
2025/06/26 00:41:44 url=http://localhost:9001 total=33.7725ms dns=0s conn=2562047h47m16.854775807s ttfb=35.9331ms err=<nil>
2025/06/26 00:41:46 url=http://localhost:9002 total=8.7745ms dns=0s conn=2562047h47m16.854775807s ttfb=9.3222ms err=<nil>
2025/06/26 00:41:48 url=http://localhost:9000 total=5.8483ms dns=0s conn=2562047h47m16.854775807s ttfb=8.2062ms err=<nil>
2025/06/26 00:41:50 url=http://localhost:9001 total=4.9227ms dns=0s conn=2562047h47m16.854775807s ttfb=6.6752ms err=<nil>
2025/06/26 00:41:52 url=http://localhost:9002 total=2.5007ms dns=0s conn=2562047h47m16.854775807s ttfb=3.101ms err=<nil>
2025/06/26 00:41:54 url=http://localhost:9000 total=5.7814ms dns=0s conn=2562047h47m16.854775807s ttfb=13.7202ms err=<nil>
2025/06/26 00:41:56 url=http://localhost:9001 total=3.3832ms dns=0s conn=2562047h47m16.854775807s ttfb=5.0863ms err=<nil>
2025/06/26 00:42:00 url=http://localhost:9000 total=12.6376ms dns=0s conn=2562047h47m16.854775807s ttfb=14.2189ms err=<nil>
2025/06/26 00:42:02 url=http://localhost:9000 total=19.0269ms dns=0s conn=2562047h47m16.854775807s ttfb=20.0742ms err=<nil>
2025/06/26 00:42:04 url=http://localhost:9000 total=34.0638ms dns=0s conn=2562047h47m16.854775807s ttfb=35.8285ms err=<nil>
2025/06/26 00:42:06 url=http://localhost:9000 total=8.6707ms dns=0s conn=2562047h47m16.854775807s ttfb=11.869ms err=<nil>
2025/06/26 00:42:09 url=http://localhost:9000 total=6.3378ms dns=0s conn=2562047h47m16.854775807s ttfb=9.0028ms err=<nil>
2025/06/29 21:45:52 url=http://localhost:9001 total=15.0071ms dns=0s conn=2562047h47m16.854775807s ttfb=18.4214ms err=<nil>
2025/06/29 21:45:54 url=http://localhost:9002 total=21.3416ms dns=0s conn=2562047h47m16.854775807s ttfb=21.6237ms err=<nil>
2025/06/29 21:45:56 url=http://localhost:9000 total=7.6319ms dns=0s conn=2562047h47m16.854775807s ttfb=8.62ms err=<nil>
2025/06/29 21:45:59 url=http://localhost:9001 total=21.1856ms dns=0s conn=2562047h47m16.854775807s ttfb=22.5246ms err=<nil>
2025/06/29 21:46:01 url=http://localhost:9002 total=14.1013ms dns=0s conn=2562047h47m16.854775807s ttfb=16.3386ms err=<nil>
2025/06/29 21:46:03 url=http://localhost:9000 total=6.6012ms dns=0s conn=2562047h47m16.854775807s ttfb=9.1272ms err=<nil>
2025/06/29 21:46:05 url=http://localhost:9000 total=23.1199ms dns=0s conn=2562047h47m16.854775807s ttfb=24.0642ms err=<nil>
2025/06/29 21:46:07 url=http://localhost:9000 total=6.8713ms dns=0s conn=2562047h47m16.854775807s ttfb=7.9557ms err=<nil>
2025/06/29 21:46:09 url=http://localhost:9000 total=3.4699ms dns=0s conn=2562047h47m16.854775807s ttfb=7.3157ms err=<nil>
2025/06/29 21:46:11 url=http://localhost:9001 total=2.3526ms dns=0s conn=2562047h47m16.854775807s ttfb=3.0176ms err=<nil>
2025/06/29 21:46:14 url=http://localhost:9002 total=2.7851ms dns=0s conn=2562047h47m16.854775807s ttfb=3.7857ms err=<nil>
2025/06/29 21:46:16 url=http://localhost:9000 total=12.5078ms dns=0s conn=2562047h47m16.854775807s ttfb=12.9063ms err=<nil>
2025/06/29 21:46:18 url=http://localhost:9001 total=14.2519ms dns=0s conn=2562047h47m16.854775807s ttfb=17.0756ms err=<nil>
2025/06/29 21:46:20 url=http://localhost:9002 total=20.5199ms dns=0s conn=2562047h47m16.854775807s ttfb=22.3923ms err=<nil>
2025/06/29 21:46:22 url=http://localhost:9000 total=6.1702ms dns=0s conn=2562047h47m16.854775807s ttfb=9.2619ms err=<nil>
2025/06/29 21:46:27 url=http://localhost:9002 total=36.0387ms dns=0s conn=2562047h47m16.854775807s ttfb=43.585ms err=<nil>
2025/06/29 21:46:29 url=http://localhost:9000 total=5.833ms dns=0s conn=2562047h47m16.854775807s ttfb=9.7468ms err=<nil>
2025/06/29 21:46:33 url=http://localhost:9001 total=5.5934ms dns=0s conn=2562047h47m16.854775807s ttfb=8.4228ms err=<nil>
2025/06/29 23:19:56 url=http://localhost:9000 total=15.1704ms dns=0s conn=2562047h47m16.854775807s ttfb=17.0933ms err=<nil>
2025/06/29 23:19:58 url=http://localhost:9000 total=16.1302ms dns=0s conn=2562047h47m16.854775807s ttfb=16.8242ms err=<nil>
2025/06/29 23:20:00 url=http://localhost:9000 total=4.7552ms dns=0s conn=2562047h47m16.854775807s ttfb=9.3069ms err=<nil>
2025/06/29 23:20:02 url=http://localhost:9000 total=6.3738ms dns=0s conn=2562047h47m16.854775807s ttfb=8.6839ms err=<nil>
2025/06/29 23:20:05 url=http://localhost:9000 total=5.6642ms dns=0s conn=2562047h47m16.854775807s ttfb=7.2557ms err=<nil>
2025/06/29 23:20:07 url=http://localhost:9000 total=5.5961ms dns=0s conn=2562047h47m16.854775807s ttfb=6.9024ms err=<nil>
2025/06/29 23:20:09 url=http://localhost:9000 total=5.2168ms dns=0s conn=2562047h47m16.854775807s ttfb=6.8458ms err=<nil>
2025/06/29 23:20:11 url=http://localhost:9000 total=5.009ms dns=0s conn=2562047h47m16.854775807s ttfb=6.3953ms err=<nil>
2025/06/29 23:20:13 url=http://localhost:9000 total=8.8466ms dns=0s conn=2562047h47m16.854775807s ttfb=11.0891ms err=<nil>
2025/06/29 23:20:15 url=http://localhost:9000 total=6.4962ms dns=0s conn=2562047h47m16.854775807s ttfb=9.2636ms err=<nil>
2025/06/29 23:20:17 url=http://localhost:9000 total=8.8136ms dns=0s conn=2562047h47m16.854775807s ttfb=11.2661ms err=<nil>
2025/06/29 23:20:19 url=http://localhost:9000 total=1.7584ms dns=0s conn=2562047h47m16.854775807s ttfb=3.2348ms err=<nil>
2025/06/29 23:20:21 url=http://localhost:9000 total=5.1676ms dns=0s conn=2562047h47m16.854775807s ttfb=7.0557ms err=<nil>
2025/06/29 23:20:23 url=http://localhost:9000 total=2.0893ms dns=0s conn=2562047h47m16.854775807s ttfb=2.6502ms err=<nil>
2025/06/29 23:20:25 url=http://localhost:9000 total=3.2489ms dns=0s conn=2562047h47m16.854775807s ttfb=6.3151ms err=<nil>
2025/06/29 23:20:27 url=http://localhost:9001 total=25.6955ms dns=0s conn=2562047h47m16.854775807s ttfb=29.6526ms err=<nil>
2025/06/29 23:20:29 url=http://localhost:9000 total=4.6643ms dns=0s conn=2562047h47m16.854775807s ttfb=5.5957ms err=<nil>
2025/06/29 23:20:31 url=http://localhost:9000 total=15.7954ms dns=0s conn=2562047h47m16.854775807s ttfb=20.6065ms err=<nil>
2025/06/29 23:20:34 url=http://localhost:9000 total=4.6448ms dns=0s conn=2562047h47m16.854775807s ttfb=6.8185ms err=<nil>
2025/06/30 00:35:48 url=http://localhost:9000 total=6.5942ms dns=0s conn=2562047h47m16.854775807s ttfb=6.957ms err=<nil>
2025/06/30 00:35:50 url=http://localhost:9000 total=3.285ms dns=0s conn=2562047h47m16.854775807s ttfb=4.5276ms err=<nil>
2025/06/30 00:35:52 url=http://localhost:9000 total=2.6057ms dns=0s conn=2562047h47m16.854775807s ttfb=3.3116ms err=<nil>
2025/06/30 00:35:54 url=http://localhost:9001 total=5.0282ms dns=0s conn=2562047h47m16.854775807s ttfb=5.5747ms err=<nil>
2025/06/30 00:35:56 url=http://localhost:9002 total=17.641ms dns=0s conn=2562047h47m16.854775807s ttfb=18.187ms err=<nil>
2025/06/30 00:35:59 url=http://localhost:9000 total=2.7689ms dns=0s conn=2562047h47m16.854775807s ttfb=2.7119ms err=<nil>
2025/06/30 00:36:01 url=http://localhost:9001 total=1.0938ms dns=0s conn=2562047h47m16.854775807s ttfb=1.6749ms err=<nil>
2025/06/30 00:36:03 url=http://localhost:9002 total=3.9726ms dns=0s conn=2562047h47m16.854775807s ttfb=4.7577ms err=<nil>
2025/06/30 00:36:05 url=http://localhost:9000 total=1.7212ms dns=0s conn=2562047h47m16.854775807s ttfb=2.2769ms err=<nil>
2025/06/30 00:36:07 url=http://localhost:9001 total=1.6543ms dns=0s conn=2562047h47m16.854775807s ttfb=2.202ms err=<nil>
2025/06/30 00:36:09 url=http://localhost:9000 total=2.0034ms dns=0s conn=2562047h47m16.854775807s ttfb=5.004ms err=<nil>
2025/06/30 00:36:11 url=http://localhost:9000 total=2.0007ms dns=0s conn=2562047h47m16.854775807s ttfb=4.6971ms err=<nil>
2025/06/30 00:36:13 url=http://localhost:9000 total=1.6647ms dns=0s conn=2562047h47m16.854775807s ttfb=2.4346ms err=<nil>
2025/06/30 00:36:15 url=http://localhost:9000 total=1.2108ms dns=0s conn=2562047h47m16.854775807s ttfb=2.7356ms err=<nil>
2025/06/30 00:36:17 url=http://localhost:9000 total=1.0825ms dns=0s conn=2562047h47m16.854775807s ttfb=1.6071ms err=<nil>
2025/06/30 00:36:19 url=http://localhost:9000 total=1.6368ms dns=0s conn=2562047h47m16.854775807s ttfb=2.1695ms err=<nil>
2025/06/30 00:36:21 url=http://localhost:9000 total=1.6457ms dns=0s conn=2562047h47m16.854775807s ttfb=2.7188ms err=<nil>
2025/06/30 00:36:23 url=http://localhost:9000 total=1.9385ms dns=0s conn=2562047h47m16.854775807s ttfb=4.43ms err=<nil>
2025/06/30 00:36:26 url=http://localhost:9000 total=2.0892ms dns=0s conn=2562047h47m16.854775807s ttfb=2.1031ms err=<nil>
